# JRE version: Java(TM) SE Runtime Environment (13.0.2+8) (build 13.0.2+8)
# Java VM: Java HotSpot(TM) 64-Bit Server VM (13.0.2+8, mixed mode, sharing, tiered, compressed oops, g1 gc, windows-amd64)
Heap:
 garbage-first heap   total 196608K, used 32691K [0x0000000741a00000, 0x0000000800000000)
  region size 1024K, 23 young (23552K), 2 survivors (2048K)
 Metaspace       used 12104K, capacity 12441K, committed 12672K, reserved 1060864K
  class space    used 1458K, capacity 1590K, committed 1664K, reserved 1048576K
GC Heap History (8 events):
Event: 1.599 GC heap before
{Heap before GC invocations=0 (full 0):
 garbage-first heap   total 196608K, used 17408K [0x0000000741a00000, 0x0000000800000000)
  region size 1024K, 14 young (14336K), 0 survivors (0K)
 Metaspace       used 5116K, capacity 5295K, committed 5504K, reserved 1056768K
  class space    used 546K, capacity 606K, committed 640K, reserved 1048576K
}
Event: 1.604 GC heap after
{Heap after GC invocations=1 (full 0):
 garbage-first heap   total 196608K, used 10597K [0x0000000741a00000, 0x0000000800000000)
  region size 1024K, 2 young (2048K), 2 survivors (2048K)
 Metaspace       used 5116K, capacity 5295K, committed 5504K, reserved 1056768K
  class space    used 546K, capacity 606K, committed 640K, reserved 1048576K
}
Event: 1.814 GC heap before
{Heap before GC invocations=1 (full 0):
 garbage-first heap   total 196608K, used 21861K [0x0000000741a00000, 0x0000000800000000)
  region size 1024K, 14 young (14336K), 2 survivors (2048K)
 Metaspace       used 6938K, capacity 7098K, committed 7296K, reserved 1056768K
  class space    used 772K, capacity 845K, committed 896K, reserved 1048576K
}
Event: 1.817 GC heap after
{Heap after GC invocations=2 (full 0):
 garbage-first heap   total 196608K, used 11206K [0x0000000741a00000, 0x0000000800000000)
  region size 1024K, 1 young (1024K), 1 survivors (1024K)
 Metaspace       used 6938K, capacity 7098K, committed 7296K, reserved 1056768K
  class space    used 772K, capacity 845K, committed 896K, reserved 1048576K
}
Event: 2.103 GC heap before
{Heap before GC invocations=2 (full 0):
 garbage-first heap   total 196608K, used 32710K [0x0000000741a00000, 0x0000000800000000)
  region size 1024K, 22 young (22528K), 1 survivors (1024K)
 Metaspace       used 9131K, capacity 9333K, committed 9472K, reserved 1056768K
  class space    used 1070K, capacity 1168K, committed 1280K, reserved 1048576K
}
Event: 2.105 GC heap after
{Heap after GC invocations=3 (full 0):
 garbage-first heap   total 196608K, used 12296K [0x0000000741a00000, 0x0000000800000000)
  region size 1024K, 2 young (2048K), 2 survivors (2048K)
 Metaspace       used 9131K, capacity 9333K, committed 9472K, reserved 1056768K
  class space    used 1070K, capacity 1168K, committed 1280K, reserved 1048576K
}
Event: 2.184 GC heap before
{Heap before GC invocations=3 (full 0):
 garbage-first heap   total 196608K, used 51208K [0x0000000741a00000, 0x0000000800000000)
  region size 1024K, 41 young (41984K), 2 survivors (2048K)
 Metaspace       used 9224K, capacity 9464K, committed 9728K, reserved 1058816K
  class space    used 1078K, capacity 1169K, committed 1280K, reserved 1048576K
}
Event: 2.188 GC heap after
{Heap after GC invocations=4 (full 0):
 garbage-first heap   total 196608K, used 12211K [0x0000000741a00000, 0x0000000800000000)
  region size 1024K, 2 young (2048K), 2 survivors (2048K)
 Metaspace       used 9224K, capacity 9464K, committed 9728K, reserved 1058816K
  class space    used 1078K, capacity 1169K, committed 1280K, reserved 1048576K
}

